2025-03-10 18:43:27,285 - INFO - Начинаем получение списка тегов с сайта
2025-03-10 18:43:57,308 - ERROR - Ошибка при получении тегов: Page.goto: Timeout 30000ms exceeded.
Call log:
  - navigating to "https://ethplorer.io/tag", waiting until "load"

2025-03-10 18:43:57,311 - INFO - Найдено тегов: 0
2025-03-10 18:44:28,442 - INFO - Начинаем получение списка тегов с сайта
2025-03-10 18:44:58,466 - ERROR - Ошибка при получении тегов: Page.goto: Timeout 30000ms exceeded.
Call log:
  - navigating to "https://ethplorer.io/tag", waiting until "load"

2025-03-10 18:44:58,468 - INFO - Найдено тегов: 0
2025-03-10 18:45:21,946 - INFO - Начинаем получение списка тегов с сайта
2025-03-10 18:45:51,966 - ERROR - Ошибка при получении тегов: Page.goto: Timeout 30000ms exceeded.
Call log:
  - navigating to "https://ethplorer.io/ru/tag", waiting until "load"

2025-03-10 18:45:51,970 - INFO - Найдено тегов: 0
2025-03-10 18:47:37,583 - INFO - Начинаем получение списка тегов с сайта
2025-03-10 18:47:44,956 - INFO - Получено 100 тегов
2025-03-10 18:47:44,957 - INFO - Сохранено 100 тегов в файл
2025-03-10 18:47:44,958 - INFO - Найдено тегов: 100
2025-03-10 18:47:44,958 - INFO - Начинаем обработку тега: SushiSwap
2025-03-10 19:03:14,982 - INFO - Загружено 100 тегов из файла
2025-03-10 19:03:14,983 - INFO - Найдено тегов: 100
2025-03-10 19:03:14,984 - INFO - Начинаем обработку тега: Decentraland
2025-03-10 19:03:22,297 - INFO - .
2025-03-10 19:03:25,231 - INFO - .
2025-03-10 19:03:27,889 - INFO - Завершена обработка тега Decentraland, найдено записей: 31
2025-03-10 19:03:27,892 - INFO - Данные успешно сохранены в ethplorer_data.json
2025-03-10 19:03:27,893 - INFO - Обработан тег Decentraland, найдено записей: 31
2025-03-10 19:03:27,894 - INFO - Загружено 100 тегов из файла
2025-03-10 19:03:27,895 - INFO - Сохранено 99 тегов в файл
2025-03-10 19:03:27,895 - INFO - Тег Decentraland удален из файла
2025-03-10 19:03:27,896 - INFO - Начинаем обработку тега: Scam
2025-03-10 19:03:32,011 - INFO - .
2025-03-10 19:03:34,973 - INFO - .
2025-03-10 19:03:38,003 - INFO - .
2025-03-10 19:03:41,219 - INFO - .
2025-03-10 19:03:44,495 - INFO - .
2025-03-10 19:03:47,620 - INFO - .
2025-03-10 19:03:50,529 - INFO - .
2025-03-10 19:03:53,599 - INFO - .
2025-03-10 19:03:56,499 - INFO - .
2025-03-10 19:03:59,469 - INFO - .
2025-03-10 19:08:02,319 - INFO - Загружено 100 тегов из файла
2025-03-10 19:08:02,320 - INFO - Найдено тегов: 100
2025-03-10 19:08:02,321 - INFO - Начинаем обработку тега: Decentraland
2025-03-10 19:08:11,116 - INFO - .
2025-03-10 19:08:13,925 - INFO - .
2025-03-10 19:08:16,465 - INFO - Завершена обработка тега Decentraland, найдено записей: 31
2025-03-10 19:08:16,467 - INFO - Данные успешно сохранены в ethplorer_data.json
2025-03-10 19:08:16,468 - INFO - Обработан тег Decentraland, найдено записей: 31
2025-03-10 19:08:16,469 - INFO - Загружено 100 тегов из файла
2025-03-10 19:08:16,469 - INFO - Сохранено 99 тегов в файл
2025-03-10 19:08:16,470 - INFO - Тег Decentraland удален из файла
2025-03-10 19:08:16,470 - INFO - Начинаем обработку тега: Scam
2025-03-10 19:08:20,468 - INFO - .
2025-03-10 19:08:23,199 - INFO - .
2025-03-10 19:08:25,874 - INFO - .
2025-03-10 19:08:28,513 - INFO - .
2025-03-10 19:12:01,823 - INFO - Загружено 100 тегов из файла
2025-03-10 19:12:01,824 - INFO - Найдено тегов: 100
2025-03-10 19:12:01,825 - INFO - Начинаем обработку тега: Decentraland
2025-03-10 19:12:18,356 - INFO - Завершена обработка тега Decentraland, найдено записей: 31
2025-03-10 19:12:18,360 - INFO - Данные успешно сохранены в ethplorer_data.json
2025-03-10 19:12:18,361 - INFO - Обработан тег Decentraland, найдено записей: 31
2025-03-10 19:12:18,363 - INFO - Загружено 100 тегов из файла
2025-03-10 19:12:18,364 - INFO - Сохранено 99 тегов в файл
2025-03-10 19:12:18,365 - INFO - Тег Decentraland удален из файла
2025-03-10 19:12:18,366 - INFO - Начинаем обработку тега: Scam
2025-03-10 19:13:23,242 - ERROR - Task was destroyed but it is pending!
task: <Task pending name='Task-1188' coro=<BrowserContext.close() running at C:\code\ethplorer\venv\Lib\site-packages\playwright\_impl\_browser_context.py:565> cb=[SyncBase._sync.<locals>.<lambda>() at C:\code\ethplorer\venv\Lib\site-packages\playwright\_impl\_sync_base.py:111]>
2025-03-10 19:13:23,245 - ERROR - Task exception was never retrieved
future: <Task finished name='Task-1187' coro=<ElementHandle.query_selector() done, defined at C:\code\ethplorer\venv\Lib\site-packages\playwright\_impl\_element_handle.py:316> exception=KeyboardInterrupt()>
Traceback (most recent call last):
  File "c:\code\ethplorer\main.py", line 174, in main
    tag_data = parser.get_tag_data(tag)
               ^^^^^^^^^^^^^^^^^^^^^^^^
  File "c:\code\ethplorer\main.py", line 98, in get_tag_data
    name_element = block.query_selector('.tags-table-token a')
                   ^^^^^^^^^^^^^^^^^^^^^^^^^^^^^^^^^^^^^^^^^^^
  File "C:\code\ethplorer\venv\Lib\site-packages\playwright\sync_api\_generated.py", line 2907, in query_selector
    self._sync(self._impl_obj.query_selector(selector=selector))
  File "C:\code\ethplorer\venv\Lib\site-packages\playwright\_impl\_sync_base.py", line 113, in _sync
    self._dispatcher_fiber.switch()
  File "C:\code\ethplorer\venv\Lib\site-packages\playwright\sync_api\_context_manager.py", line 56, in greenlet_main
    self._loop.run_until_complete(self._connection.run_as_sync())
  File "C:\Users\Алексей\AppData\Local\Programs\Python\Python313\Lib\asyncio\base_events.py", line 708, in run_until_complete
    self.run_forever()
  File "C:\Users\Алексей\AppData\Local\Programs\Python\Python313\Lib\asyncio\base_events.py", line 679, in run_forever
    self._run_once()
  File "C:\Users\Алексей\AppData\Local\Programs\Python\Python313\Lib\asyncio\base_events.py", line 2027, in _run_once
    handle._run()
  File "C:\Users\Алексей\AppData\Local\Programs\Python\Python313\Lib\asyncio\events.py", line 89, in _run
    self._context.run(self._callback, *self._args)
  File "C:\code\ethplorer\venv\Lib\site-packages\playwright\_impl\_element_handle.py", line 318, in query_selector
    await self._channel.send("querySelector", dict(selector=selector))
  File "C:\code\ethplorer\venv\Lib\site-packages\playwright\_impl\_connection.py", line 61, in send
    return await self._connection.wrap_api_call(
           ^^^^^^^^^^^^^^^^^^^^^^^^^^^^^^^^^^^^^
    ...<2 lines>...
    )
    ^
  File "C:\code\ethplorer\venv\Lib\site-packages\playwright\_impl\_connection.py", line 522, in wrap_api_call
    st: List[inspect.FrameInfo] = getattr(task, "__pw_stack__", inspect.stack())
                                                                ^^^^^^^^^^^^^^^
  File "C:\Users\Алексей\AppData\Local\Programs\Python\Python313\Lib\inspect.py", line 1748, in stack
    return getouterframes(sys._getframe(1), context)
           ^^^^^^^^^^^^^^^^^^^^^^^^^^^^^^^^^^^^^^^^^
  File "C:\Users\Алексей\AppData\Local\Programs\Python\Python313\Lib\inspect.py", line 1723, in getouterframes
    traceback_info = getframeinfo(frame, context)
                     ^^^^^^^^^^^^^^^^^^^^^^^^^^^^
  File "C:\Users\Алексей\AppData\Local\Programs\Python\Python313\Lib\inspect.py", line 1685, in getframeinfo
    lines, lnum = findsource(frame)
                  ^^^^^^^^^^^^^^^^^
  File "C:\Users\Алексей\AppData\Local\Programs\Python\Python313\Lib\inspect.py", line 1063, in findsource
    linecache.checkcache(file)
  File "C:\Users\Алексей\AppData\Local\Programs\Python\Python313\Lib\linecache.py", line 72, in checkcache
    stat = os.stat(fullname)
           ^^^^^^^^^^^^^^^^^
KeyboardInterrupt
2025-03-10 19:19:51,545 - INFO - Загружено 100 тегов из файла
2025-03-10 19:19:51,546 - INFO - Найдено тегов: 100
2025-03-10 19:19:51,546 - INFO - Начинаем обработку тега: Decentraland
2025-03-10 19:20:07,055 - INFO - Завершена обработка тега Decentraland, найдено записей: 28
2025-03-10 19:20:07,060 - INFO - Данные успешно сохранены в ethplorer_data.json
2025-03-10 19:20:07,061 - INFO - Обработан тег Decentraland, найдено записей: 28
2025-03-10 19:20:07,062 - INFO - Загружено 100 тегов из файла
2025-03-10 19:20:07,063 - INFO - Сохранено 99 тегов в файл
2025-03-10 19:20:07,063 - INFO - Тег Decentraland удален из файла
2025-03-10 19:20:07,064 - INFO - Начинаем обработку тега: Scam
2025-03-10 19:34:25,066 - INFO - Завершена обработка тега Scam, найдено записей: 2198
2025-03-10 19:34:25,152 - INFO - Данные успешно сохранены в ethplorer_data.json
2025-03-10 19:34:25,153 - INFO - Обработан тег Scam, найдено записей: 2198
2025-03-10 19:34:25,155 - INFO - Загружено 99 тегов из файла
2025-03-10 19:34:25,156 - INFO - Сохранено 98 тегов в файл
2025-03-10 19:34:25,157 - INFO - Тег Scam удален из файла
2025-03-10 19:34:25,160 - INFO - Начинаем обработку тега: SushiSwap
2025-03-10 20:00:02,938 - INFO - Завершена обработка тега SushiSwap, найдено записей: 3907
2025-03-10 20:00:03,218 - INFO - Данные успешно сохранены в ethplorer_data.json
2025-03-10 20:00:03,223 - INFO - Обработан тег SushiSwap, найдено записей: 3907
2025-03-10 20:00:03,225 - INFO - Загружено 98 тегов из файла
2025-03-10 20:00:03,226 - INFO - Сохранено 97 тегов в файл
2025-03-10 20:00:03,227 - INFO - Тег SushiSwap удален из файла
2025-03-10 20:00:03,228 - INFO - Начинаем обработку тега: Endaoment
2025-03-10 20:02:39,472 - INFO - Завершена обработка тега Endaoment, найдено записей: 395
2025-03-10 20:02:39,823 - INFO - Данные успешно сохранены в ethplorer_data.json
2025-03-10 20:02:39,853 - INFO - Обработан тег Endaoment, найдено записей: 395
2025-03-10 20:02:39,854 - INFO - Загружено 97 тегов из файла
2025-03-10 20:02:39,857 - INFO - Сохранено 96 тегов в файл
2025-03-10 20:02:39,859 - INFO - Тег Endaoment удален из файла
2025-03-10 20:02:39,860 - INFO - Начинаем обработку тега: Balancer
2025-03-10 20:22:01,456 - INFO - Завершена обработка тега Balancer, найдено записей: 2965
2025-03-10 20:22:01,832 - INFO - Данные успешно сохранены в ethplorer_data.json
2025-03-10 20:22:01,835 - INFO - Обработан тег Balancer, найдено записей: 2965
2025-03-10 20:22:01,836 - INFO - Загружено 96 тегов из файла
2025-03-10 20:22:01,837 - INFO - Сохранено 95 тегов в файл
2025-03-10 20:22:01,838 - INFO - Тег Balancer удален из файла
2025-03-10 20:22:01,839 - INFO - Начинаем обработку тега: MEV Bot
